<?xml version="1.0" encoding="UTF-8"?>
<!-- Generated by org.testng.reporters.JUnitReportReporter -->
<testsuite hostname="INPNB77889" failures="0" tests="1" name="BestBuyTestCase.TestCases" time="24.087" errors="0" timestamp="2023-05-27T13:40:40 IST" skipped="0">
  <testcase classname="BestBuyTestCase.TestCases" name="TestCase003SignUp" time="24.087"/>
  <system-out/>
</testsuite> <!-- BestBuyTestCase.TestCases -->
